[0mGET /js/chat_engine.js [33m404[0m 18.619 ms - 156[0m
[0mGET /js/tooglelikes.js [33m404[0m 23.944 ms - 156[0m
[0mGET /js/home_post_comment.js [33m404[0m 24.458 ms - 162[0m
[0mGET /css/layout.mim.css [33m404[0m 33.370 ms - 157[0m
[0mGET /js/homepost.js [33m404[0m 26.017 ms - 153[0m
[0mGET / [32m200[0m 132.455 ms - 3283[0m
[0mGET /css/layout.mim.css [33m404[0m 3.386 ms - 157[0m
[0mGET /favicon.ico [33m404[0m 2.048 ms - 150[0m
[0mGET /users/signin [32m200[0m 8.189 ms - 1520[0m
[0mGET /css/layout.mim.css [33m404[0m 4.434 ms - 157[0m
[0mGET /css/layout.mim.css [33m404[0m 2.431 ms - 157[0m
[0mPOST /users/createSession [36m302[0m 13.335 ms - 70[0m
[0mGET /users/signin [32m200[0m 3.243 ms - 1736[0m
[0mGET /css/layout.mim.css [33m404[0m 2.413 ms - 157[0m
[0mPOST /users/createSession [36m302[0m 7.728 ms - 70[0m
[0mGET /users/signin [36m304[0m 3.916 ms - -[0m
[0mGET /css/layout.mim.css [33m404[0m 2.116 ms - 157[0m
[0mPOST /users/createSession [36m302[0m 8.088 ms - 70[0m
[0mGET /users/signin [36m304[0m 3.334 ms - -[0m
[0mGET /css/layout.mim.css [33m404[0m 2.482 ms - 157[0m
[0mPOST /users/createSession [36m302[0m 6.153 ms - 70[0m
[0mGET /users/signin [36m304[0m 4.219 ms - -[0m
[0mGET /css/layout.mim.css [33m404[0m 2.467 ms - 157[0m
[0mGET /users/signup [32m200[0m 3.151 ms - 1736[0m
[0mGET /css/layout.mim.css [33m404[0m 2.280 ms - 157[0m
[0mPOST /users/create [36m302[0m 5.988 ms - 112[0m
[0mGET /users/signup [36m304[0m 4.670 ms - -[0m
[0mGET /css/layout.mim.css [33m404[0m 3.113 ms - 157[0m
[0mGET /users/signin [32m200[0m 5.568 ms - 1520[0m
[0mGET /css/layout.mim.css [33m404[0m 2.192 ms - 157[0m
[0mPOST /users/createSession [36m302[0m 4.938 ms - 70[0m
[0mGET /users/signin [32m200[0m 4.646 ms - 1736[0m
[0mGET /css/layout.mim.css [33m404[0m 2.312 ms - 157[0m
[0mGET /users/signin [32m200[0m 5.097 ms - 1520[0m
[0mGET /css/layout.mim.css [33m404[0m 2.850 ms - 157[0m
[0mGET /users/signup [36m304[0m 1.834 ms - -[0m
[0mGET /css/layout.mim.css [33m404[0m 1.881 ms - 157[0m
[0mGET /users/auth/google [36m302[0m 4.507 ms - 0[0m
[0mGET /users/signup [36m304[0m 9.487 ms - -[0m
[0mGET /css/layout.mim.css [33m404[0m 2.943 ms - 157[0m
[0mGET /users/signup [36m304[0m 4.820 ms - -[0m
[0mGET /css/layout.mim.css [33m404[0m 3.035 ms - 157[0m
[0mGET /users/auth/google [36m302[0m 4.511 ms - 0[0m
[0mGET /users/signup [36m304[0m 14.079 ms - -[0m
[0mGET /css/layout.mim.css [33m404[0m 23.214 ms - 157[0m
[0mGET /users/signup [36m304[0m 5.536 ms - -[0m
[0mGET /css/layout.mim.css [33m404[0m 3.457 ms - 157[0m
[0mGET /users/signup [36m304[0m 20.281 ms - -[0m
[0mGET /css/layout.mim.css [33m404[0m 3.173 ms - 157[0m
[0mGET /css/footer.min.css [33m404[0m 2.096 ms - 157[0m
[0mGET /css/header.min.css [33m404[0m 13.849 ms - 157[0m
[0mGET /users/signup [36m304[0m 14.507 ms - -[0m
[0mGET /css/layout.mim.css [33m404[0m 2.781 ms - 157[0m
[0mGET /css/header.min.css [33m404[0m 4.282 ms - 157[0m
[0mGET /css/footer.min.css [33m404[0m 6.174 ms - 157[0m
[0mGET /css/layout.mim.css [33m404[0m 2.590 ms - 157[0m
[0mGET /css/header.min.css [33m404[0m 2.429 ms - 157[0m
[0mGET /css/footer.min.css [33m404[0m 2.088 ms - 157[0m
[0mGET /users/signup [36m304[0m 35.399 ms - -[0m
[0mGET /css/layout.mim.css [33m404[0m 5.152 ms - 157[0m
[0mGET /css/header.min.css [33m404[0m 8.257 ms - 157[0m
[0mGET /css/footer.min.css [33m404[0m 8.032 ms - 157[0m
[0mGET /users/signup [36m304[0m 8.248 ms - -[0m
[0mGET /css/layout.mim.css [33m404[0m 2.951 ms - 157[0m
[0mGET /css/header.min.css [33m404[0m 3.212 ms - 157[0m
[0mGET /css/footer.min.css [33m404[0m 5.166 ms - 157[0m
[0mGET /users/signup [36m304[0m 7.453 ms - -[0m
[0mGET /css/layout.mim.css [33m404[0m 3.437 ms - 157[0m
[0mGET /css/header.min.css [33m404[0m 3.990 ms - 157[0m
[0mGET /css/footer.min.css [33m404[0m 3.370 ms - 157[0m
[0mGET / [36m304[0m 37.225 ms - -[0m
[0mGET /css/layout.mim.css [33m404[0m 3.254 ms - 157[0m
[0mGET /js/homepost.js [33m404[0m 3.884 ms - 153[0m
[0mGET /js/home_post_comment.js [33m404[0m 3.990 ms - 162[0m
[0mGET /js/tooglelikes.js [33m404[0m 3.793 ms - 156[0m
[0mGET /css/home.min.css [33m404[0m 2.079 ms - 155[0m
[0mGET /css/footer.min.css [33m404[0m 7.703 ms - 157[0m
[0mGET /css/header.min.css [33m404[0m 8.229 ms - 157[0m
[0mGET /js/chat_engine.js [33m404[0m 2.145 ms - 156[0m
[0mGET /css/chatBox.min.css [33m404[0m 2.167 ms - 158[0m
[0mGET /css/header.min.css [33m404[0m 1.652 ms - 157[0m
[0mGET /css/layout.mim.css [33m404[0m 1.327 ms - 157[0m
[0mGET /css/footer.min.css [33m404[0m 1.740 ms - 157[0m
[0mGET /css/home.min.css [33m404[0m 1.320 ms - 155[0m
[0mGET /css/chatBox.min.css [33m404[0m 0.550 ms - 158[0m
[0mGET / [36m304[0m 26.150 ms - -[0m
[0mGET /css/layout.mim.css [33m404[0m 1.774 ms - 157[0m
[0mGET /css/home.min.css [33m404[0m 3.448 ms - 155[0m
[0mGET /css/footer.min.css [33m404[0m 3.271 ms - 157[0m
[0mGET /css/header.min.css [33m404[0m 3.140 ms - 157[0m
[0mGET /js/home_post_comment.js [33m404[0m 3.090 ms - 162[0m
[0mGET /css/chatBox.min.css [33m404[0m 3.556 ms - 158[0m
[0mGET /js/homepost.js [33m404[0m 1.653 ms - 153[0m
[0mGET /js/tooglelikes.js [33m404[0m 1.195 ms - 156[0m
[0mGET /js/chat_engine.js [33m404[0m 0.948 ms - 156[0m
[0mGET / [36m304[0m 19.724 ms - -[0m
[0mGET /css/header.min.css [33m404[0m 3.731 ms - 157[0m
[0mGET /css/layout.mim.css [33m404[0m 4.689 ms - 157[0m
[0mGET /css/footer.min.css [33m404[0m 3.611 ms - 157[0m
[0mGET /js/home_post_comment.js [33m404[0m 3.186 ms - 162[0m
[0mGET /css/home.min.css [33m404[0m 3.971 ms - 155[0m
[0mGET /css/chatBox.min.css [33m404[0m 7.784 ms - 158[0m
[0mGET /js/homepost.js [33m404[0m 2.782 ms - 153[0m
[0mGET /js/tooglelikes.js [33m404[0m 2.465 ms - 156[0m
[0mGET /js/chat_engine.js [33m404[0m 2.337 ms - 156[0m
[0mGET / [36m304[0m 50.100 ms - -[0m
[0mGET /css/layout.mim.css [33m404[0m 4.472 ms - 157[0m
[0mGET /css/footer.min.css [33m404[0m 9.155 ms - 157[0m
[0mGET /js/home_post_comment.js [33m404[0m 4.309 ms - 162[0m
[0mGET /css/home.min.css [33m404[0m 4.025 ms - 155[0m
[0mGET /css/header.min.css [33m404[0m 10.809 ms - 157[0m
[0mGET /js/homepost.js [33m404[0m 5.511 ms - 153[0m
[0mGET /css/chatBox.min.css [33m404[0m 10.820 ms - 158[0m
[0mGET /js/tooglelikes.js [33m404[0m 2.520 ms - 156[0m
[0mGET /js/chat_engine.js [33m404[0m 2.792 ms - 156[0m
[0mGET / [36m304[0m 28.563 ms - -[0m
[0mGET /css/layout.mim.css [33m404[0m 4.437 ms - 157[0m
[0mGET /css/home.min.css [33m404[0m 3.463 ms - 155[0m
[0mGET /css/footer.min.css [33m404[0m 3.566 ms - 157[0m
[0mGET /css/header.min.css [33m404[0m 3.574 ms - 157[0m
[0mGET /css/chatBox.min.css [33m404[0m 3.416 ms - 158[0m
[0mGET /js/home_post_comment.js [33m404[0m 4.640 ms - 162[0m
[0mGET /js/tooglelikes.js [33m404[0m 1.995 ms - 156[0m
[0mGET /js/homepost.js [33m404[0m 2.789 ms - 153[0m
[0mGET /js/chat_engine.js [33m404[0m 1.999 ms - 156[0m
[0mGET /css/layout.mim.css [33m404[0m 2.305 ms - 157[0m
[0mGET /css/header.min.css [33m404[0m 2.159 ms - 157[0m
[0mGET /css/footer.min.css [33m404[0m 1.710 ms - 157[0m
[0mGET /css/home.min.css [33m404[0m 1.445 ms - 155[0m
[0mGET /css/chatBox.min.css [33m404[0m 1.026 ms - 158[0m
[0mGET / [36m304[0m 20.098 ms - -[0m
[0mGET /css/layout.mim.css [33m404[0m 3.175 ms - 157[0m
[0mGET /css/home.min.css [33m404[0m 3.628 ms - 155[0m
[0mGET /css/footer.min.css [33m404[0m 3.592 ms - 157[0m
[0mGET /css/header.min.css [33m404[0m 3.708 ms - 157[0m
[0mGET /js/home_post_comment.js [33m404[0m 3.559 ms - 162[0m
[0mGET /css/chatBox.min.css [33m404[0m 3.753 ms - 158[0m
[0mGET /js/homepost.js [33m404[0m 1.675 ms - 153[0m
[0mGET /js/tooglelikes.js [33m404[0m 1.728 ms - 156[0m
[0mGET /js/chat_engine.js [33m404[0m 1.472 ms - 156[0m
[0mGET / [36m304[0m 16.990 ms - -[0m
[0mGET /css/layout.mim.css [33m404[0m 3.773 ms - 157[0m
[0mGET /js/home_post_comment.js [33m404[0m 3.611 ms - 162[0m
[0mGET /css/home.min.css [33m404[0m 4.119 ms - 155[0m
[0mGET /css/footer.min.css [33m404[0m 4.189 ms - 157[0m
[0mGET /css/header.min.css [33m404[0m 4.733 ms - 157[0m
[0mGET /css/chatBox.min.css [33m404[0m 4.212 ms - 158[0m
[0mGET /js/homepost.js [33m404[0m 1.722 ms - 153[0m
[0mGET /js/tooglelikes.js [33m404[0m 1.972 ms - 156[0m
[0mGET /js/chat_engine.js [33m404[0m 1.387 ms - 156[0m
[0mGET / [36m304[0m 18.078 ms - -[0m
[0mGET /css/layout.mim.css [33m404[0m 2.672 ms - 157[0m
[0mGET /css/chatBox.min.css [33m404[0m 3.405 ms - 158[0m
[0mGET /css/home.min.css [33m404[0m 3.447 ms - 155[0m
[0mGET /css/header.min.css [33m404[0m 3.394 ms - 157[0m
[0mGET /css/footer.min.css [33m404[0m 3.284 ms - 157[0m
[0mGET /js/home_post_comment.js [33m404[0m 3.611 ms - 162[0m
[0mGET /js/homepost.js [33m404[0m 1.984 ms - 153[0m
[0mGET /js/tooglelikes.js [33m404[0m 1.430 ms - 156[0m
[0mGET /js/chat_engine.js [33m404[0m 1.274 ms - 156[0m
[0mGET / [36m304[0m 20.569 ms - -[0m
[0mGET /css/layout.mim.css [33m404[0m 3.059 ms - 157[0m
[0mGET /css/footer.min.css [33m404[0m 2.907 ms - 157[0m
[0mGET /css/header.min.css [33m404[0m 2.968 ms - 157[0m
[0mGET /js/home_post_comment.js [33m404[0m 3.042 ms - 162[0m
[0mGET /css/home.min.css [33m404[0m 2.967 ms - 155[0m
[0mGET /css/chatBox.min.css [33m404[0m 4.622 ms - 158[0m
[0mGET /js/homepost.js [33m404[0m 1.699 ms - 153[0m
[0mGET /js/tooglelikes.js [33m404[0m 1.917 ms - 156[0m
[0mGET /js/chat_engine.js [33m404[0m 1.377 ms - 156[0m
[0mGET / [36m304[0m 20.934 ms - -[0m
[0mGET /css/layout.mim.css [33m404[0m 2.468 ms - 157[0m
[0mGET /css/header.min.css [33m404[0m 2.197 ms - 157[0m
[0mGET /css/footer.min.css [33m404[0m 2.753 ms - 157[0m
[0mGET /css/home.min.css [33m404[0m 2.638 ms - 155[0m
[0mGET /js/home_post_comment.js [33m404[0m 2.695 ms - 162[0m
[0mGET /css/chatBox.min.css [33m404[0m 2.677 ms - 158[0m
[0mGET /js/homepost.js [33m404[0m 3.194 ms - 153[0m
[0mGET /js/tooglelikes.js [33m404[0m 2.361 ms - 156[0m
[0mGET /js/chat_engine.js [33m404[0m 1.368 ms - 156[0m
[0mGET / [36m304[0m 51.206 ms - -[0m
[0mGET /css/layout.mim.css [33m404[0m 4.042 ms - 157[0m
[0mGET /css/home.min.css [33m404[0m 4.980 ms - 155[0m
[0mGET /css/header.min.css [33m404[0m 14.401 ms - 157[0m
[0mGET /css/footer.min.css [33m404[0m 9.942 ms - 157[0m
[0mGET /css/chatBox.min.css [33m404[0m 13.228 ms - 158[0m
[0mGET / [36m304[0m 28.123 ms - -[0m
[0mGET /css/layout.mim.css [33m404[0m 4.272 ms - 157[0m
[0mGET /css/footer.min.css [33m404[0m 5.566 ms - 157[0m
[0mGET /css/header.min.css [33m404[0m 5.911 ms - 157[0m
[0mGET /css/home.min.css [33m404[0m 5.261 ms - 155[0m
[0mGET /css/header.min.css [33m404[0m 2.147 ms - 157[0m
[0mGET /css/chatBox.min.css [33m404[0m 8.530 ms - 158[0m
[0mGET /css/layout.mim.css [33m404[0m 2.473 ms - 157[0m
[0mGET /css/chatBox.min.css [33m404[0m 1.077 ms - 158[0m
[0mGET / [36m304[0m 21.270 ms - -[0m
[0mGET /css/header.min.css [33m404[0m 3.754 ms - 157[0m
[0mGET /css/layout.mim.css [33m404[0m 2.897 ms - 157[0m
[0mGET /css/footer.min.css [33m404[0m 4.082 ms - 157[0m
[0mGET /css/home.min.css [33m404[0m 4.622 ms - 155[0m
[0mGET /css/chatBox.min.css [33m404[0m 3.263 ms - 158[0m
[0mGET / [32m200[0m 22.324 ms - 3271[0m
[0mGET /css/home.min.css [33m404[0m 2.594 ms - 155[0m
[0mGET /css/chatBox.min.css [33m404[0m 2.785 ms - 158[0m
[0mGET /css/chatBox.min.css [33m404[0m 1.340 ms - 158[0m
[0mGET /users/signin [32m200[0m 7.757 ms - 1508[0m
[0mGET /users/signup [32m200[0m 6.123 ms - 1724[0m
[0mGET /users/auth/google [36m302[0m 6.558 ms - 0[0m
[0mGET /users/signup [36m304[0m 9.596 ms - -[0m
[0mGET /users/signup [36m304[0m 12.384 ms - -[0m
[0mGET /users/auth/google [36m302[0m 4.260 ms - 0[0m
[0mGET / [36m304[0m 67.612 ms - -[0m
[0mGET /css/home.min.css [33m404[0m 8.433 ms - 155[0m
[0mGET /css/chatBox.min.css [33m404[0m 10.477 ms - 158[0m
[0mGET /css/home.min.css [33m404[0m 1.841 ms - 155[0m
[0mGET /css/chatBox.min.css [33m404[0m 1.540 ms - 158[0m
[0mGET / [36m304[0m 29.021 ms - -[0m
[0mGET /css/home.min.css [33m404[0m 4.266 ms - 155[0m
[0mGET /css/chatBox.min.css [33m404[0m 4.166 ms - 158[0m
[0mGET /css/chatBox.min.css [33m404[0m 1.885 ms - 158[0m
[0mGET / [36m304[0m 23.765 ms - -[0m
[0mGET /css/home.min.css [33m404[0m 4.486 ms - 155[0m
[0mGET /css/chatBox.min.css [33m404[0m 3.918 ms - 158[0m
[0mGET /css/chatBox.min.css [33m404[0m 1.269 ms - 158[0m
[0mGET / [36m304[0m 48.304 ms - -[0m
[0mGET /css/home.min.css [33m404[0m 3.399 ms - 155[0m
[0mGET /css/chatBox.min.css [33m404[0m 9.139 ms - 158[0m
[0mGET /css/chatBox.min.css [33m404[0m 1.374 ms - 158[0m
[0mGET / [36m304[0m 58.168 ms - -[0m
[0mGET /css/home.min.css [33m404[0m 1.930 ms - 155[0m
[0mGET /css/chatBox.min.css [33m404[0m 3.674 ms - 158[0m
[0mGET /css/chatBox.min.css [33m404[0m 1.219 ms - 158[0m
[0mGET / [36m304[0m 20.253 ms - -[0m
[0mGET /css/home.min.css [33m404[0m 3.947 ms - 155[0m
[0mGET /css/chatBox.min.css [33m404[0m 3.864 ms - 158[0m
[0mGET /css/home.min.css [33m404[0m 1.892 ms - 155[0m
[0mGET /css/chatBox.min.css [33m404[0m 1.138 ms - 158[0m
[0mGET / [36m304[0m 15.855 ms - -[0m
[0mGET /css/home.min.css [33m404[0m 3.602 ms - 155[0m
[0mGET /css/chatBox.min.css [33m404[0m 2.625 ms - 158[0m
[0mGET /css/chatBox.min.css [33m404[0m 1.660 ms - 158[0m
[0mGET / [36m304[0m 16.503 ms - -[0m
[0mGET /css/home.min.css [33m404[0m 2.835 ms - 155[0m
[0mGET /css/chatBox.min.css [33m404[0m 3.688 ms - 158[0m
[0mGET /css/chatBox.min.css [33m404[0m 1.453 ms - 158[0m
[0mGET /users/signin [36m304[0m 6.405 ms - -[0m
[0mPOST /users/createSession [36m302[0m 8.343 ms - 70[0m
[0mGET /users/signin [32m200[0m 1.401 ms - 1724[0m
[0mGET /users/signup [36m304[0m 6.048 ms - -[0m
[0mGET / [36m304[0m 27.706 ms - -[0m
[0mGET /css/home.min.css [33m404[0m 3.027 ms - 155[0m
[0mGET /css/chatBox.min.css [33m404[0m 1.724 ms - 158[0m
[0mGET /css/home.min.css [33m404[0m 1.124 ms - 155[0m
[0mGET /css/chatBox.min.css [33m404[0m 1.406 ms - 158[0m
[0mGET /users/signin [32m200[0m 3.303 ms - 1508[0m
[0mPOST /users/createSession [36m302[0m 24.009 ms - 46[0m
[0mGET / [32m200[0m 12.264 ms - 6875[0m
[0mGET /css/home.min.css [33m404[0m 5.559 ms - 155[0m
[0mGET /css/chatBox.min.css [33m404[0m 5.613 ms - 158[0m
[0mPOST /likes/toggle/?id=65f995135cb8742c950f2ba4&type=Post [32m200[0m 41.550 ms - 48[0m
[0mPOST /likes/toggle/?id=65f995135cb8742c950f2ba4&type=Post [32m200[0m 9.115 ms - 49[0m
[0mPOST /likes/toggle/?id=65f995135cb8742c950f2ba4&type=Post [32m200[0m 13.626 ms - 48[0m
[0mPOST /likes/toggle/?id=65f995135cb8742c950f2ba4&type=Post [32m200[0m 13.516 ms - 49[0m
[0mPOST /likes/toggle/?id=65f995135cb8742c950f2ba4&type=Post [32m200[0m 12.173 ms - 48[0m
[0mPOST /likes/toggle/?id=65f995135cb8742c950f2ba4&type=Post [32m200[0m 11.906 ms - 49[0m
[0mPOST /likes/toggle/?id=65f995135cb8742c950f2ba4&type=Post [32m200[0m 17.941 ms - 48[0m
[0mPOST /likes/toggle/?id=65f995135cb8742c950f2ba4&type=Post [32m200[0m 10.974 ms - 49[0m
[0mPOST /likes/toggle/?id=65f995285cb8742c950f2bd0&type=Comment [32m200[0m 15.591 ms - 48[0m
[0mPOST /likes/toggle/?id=65f995285cb8742c950f2bd0&type=Comment [32m200[0m 16.506 ms - 49[0m
[0mPOST /likes/toggle/?id=65f995285cb8742c950f2bd0&type=Comment [32m200[0m 8.459 ms - 48[0m
[0mPOST /likes/toggle/?id=65f995285cb8742c950f2bd0&type=Comment [32m200[0m 12.395 ms - 49[0m
[0mPOST /likes/toggle/?id=65f995285cb8742c950f2bd0&type=Comment [32m200[0m 11.620 ms - 48[0m
[0mPOST /likes/toggle/?id=65fc5cc73a89eec39b970d44&type=Comment [32m200[0m 11.404 ms - 49[0m
[0mPOST /likes/toggle/?id=65fc5cc73a89eec39b970d44&type=Comment [32m200[0m 16.070 ms - 48[0m
[0mPOST /likes/toggle/?id=65fc5cc73a89eec39b970d44&type=Comment [32m200[0m 12.694 ms - 49[0m
[0mPOST /likes/toggle/?id=65fc5cc73a89eec39b970d44&type=Comment [32m200[0m 16.168 ms - 48[0m
[0mPOST /likes/toggle/?id=65f995285cb8742c950f2bd0&type=Comment [32m200[0m 15.300 ms - 49[0m
[0mPOST /likes/toggle/?id=65f995285cb8742c950f2bd0&type=Comment [32m200[0m 18.887 ms - 48[0m
[0mPOST /likes/toggle/?id=65f995285cb8742c950f2bd0&type=Comment [32m200[0m 13.689 ms - 49[0m
[0mGET /post/destroy/65f995135cb8742c950f2ba4 [32m200[0m 16.039 ms - 73[0m
[0mGET /users/profile/6530ff90ede59d777fbcc4b8 [32m200[0m 8.687 ms - 1680[0m
[0mGET /css/user_profile.min.css [33m404[0m 4.176 ms - 163[0m
[0mGET /css/home.min.css [33m404[0m 4.955 ms - 155[0m
[0mGET /users/sign-out [36m302[0m 9.787 ms - 46[0m
[0mGET / [32m200[0m 9.156 ms - 2521[0m
[0mGET /css/home.min.css [33m404[0m 2.026 ms - 155[0m
[0mGET /css/chatBox.min.css [33m404[0m 2.646 ms - 158[0m
[0mGET /css/chatBox.min.css [33m404[0m 1.714 ms - 158[0m
[0mGET / [32m200[0m 8.689 ms - 2308[0m
[0mGET /css/home.min.css [33m404[0m 2.381 ms - 155[0m
[0mGET /css/chatBox.min.css [33m404[0m 2.636 ms - 158[0m
[0mGET /css/chatBox.min.css [33m404[0m 1.044 ms - 158[0m
[0mGET / [36m304[0m 7.177 ms - -[0m
[0mGET /css/chatBox.min.css [33m404[0m 3.009 ms - 158[0m
[0mGET /css/home.min.css [33m404[0m 3.445 ms - 155[0m
[0mGET /css/chatBox.min.css [33m404[0m 3.289 ms - 158[0m
[0mGET /users/signin [36m304[0m 4.463 ms - -[0m
[0mPOST /users/createSession [36m302[0m 11.404 ms - 46[0m
[0mGET / [32m200[0m 9.547 ms - 5113[0m
[0mGET /css/home.min.css [33m404[0m 5.102 ms - 155[0m
[0mGET /css/chatBox.min.css [33m404[0m 13.653 ms - 158[0m
[0mGET /users/profile/6530ff90ede59d777fbcc4b8 [36m304[0m 3.077 ms - -[0m
[0mGET /css/user_profile.min.css [33m404[0m 3.190 ms - 163[0m
[0mGET /css/user_profile.min.css [33m404[0m 1.562 ms - 163[0m
[0mGET /users/profile/6533edbf730dfcbad758159a [32m200[0m 7.028 ms - 2047[0m
[0mGET /css/user_profile.min.css [33m404[0m 4.432 ms - 163[0m
[0mGET /css/home.min.css [33m404[0m 4.437 ms - 155[0m
[0mGET /css/chatBox.min.css [33m404[0m 4.507 ms - 158[0m
::1 - - [04/Aug/2024:04:32:33 +0000] "GET / HTTP/1.1" 200 4896 "http://localhost:8000/users/signin" "Mozilla/5.0 (Macintosh; Intel Mac OS X 10_15_7) AppleWebKit/537.36 (KHTML, like Gecko) Chrome/126.0.0.0 Safari/537.36"
::1 - - [04/Aug/2024:04:32:34 +0000] "GET /css/home.min.css HTTP/1.1" 404 155 "http://localhost:8000/" "Mozilla/5.0 (Macintosh; Intel Mac OS X 10_15_7) AppleWebKit/537.36 (KHTML, like Gecko) Chrome/126.0.0.0 Safari/537.36"
::1 - - [04/Aug/2024:04:32:34 +0000] "GET /css/chatBox.min.css HTTP/1.1" 404 158 "http://localhost:8000/" "Mozilla/5.0 (Macintosh; Intel Mac OS X 10_15_7) AppleWebKit/537.36 (KHTML, like Gecko) Chrome/126.0.0.0 Safari/537.36"
[0mGET / [36m304[0m 46.379 ms - -[0m
[0mGET /css/home.min.css [33m404[0m 7.545 ms - 155[0m
[0mGET /css/chatBox.min.css [33m404[0m 6.444 ms - 158[0m
[0mGET /css/home.min.css [33m404[0m 2.145 ms - 155[0m
[0mGET /css/chatBox.min.css [33m404[0m 2.478 ms - 158[0m
[0mGET /css/home.min.css [33m404[0m 12.305 ms - 155[0m
[0mGET /css/chatBox.min.css [33m404[0m 12.432 ms - 158[0m
::1 - - [04/Aug/2024:14:29:29 +0000] "GET /css/home.min.css HTTP/1.1" 404 155 "http://localhost:8000/" "Mozilla/5.0 (Macintosh; Intel Mac OS X 10_15_7) AppleWebKit/537.36 (KHTML, like Gecko) Chrome/126.0.0.0 Safari/537.36"
::1 - - [04/Aug/2024:14:29:29 +0000] "GET /css/footer.css HTTP/1.1" 404 153 "http://localhost:8000/" "Mozilla/5.0 (Macintosh; Intel Mac OS X 10_15_7) AppleWebKit/537.36 (KHTML, like Gecko) Chrome/126.0.0.0 Safari/537.36"
::1 - - [04/Aug/2024:14:29:29 +0000] "GET /css/header.css HTTP/1.1" 404 153 "http://localhost:8000/" "Mozilla/5.0 (Macintosh; Intel Mac OS X 10_15_7) AppleWebKit/537.36 (KHTML, like Gecko) Chrome/126.0.0.0 Safari/537.36"
::1 - - [04/Aug/2024:14:29:29 +0000] "GET /css/chatBox.min.css HTTP/1.1" 404 158 "http://localhost:8000/" "Mozilla/5.0 (Macintosh; Intel Mac OS X 10_15_7) AppleWebKit/537.36 (KHTML, like Gecko) Chrome/126.0.0.0 Safari/537.36"
::1 - - [04/Aug/2024:14:29:29 +0000] "GET /css/layout.css HTTP/1.1" 404 153 "http://localhost:8000/" "Mozilla/5.0 (Macintosh; Intel Mac OS X 10_15_7) AppleWebKit/537.36 (KHTML, like Gecko) Chrome/126.0.0.0 Safari/537.36"
::1 - - [04/Aug/2024:14:29:29 +0000] "GET / HTTP/1.1" 200 2308 "-" "Mozilla/5.0 (Macintosh; Intel Mac OS X 10_15_7) AppleWebKit/537.36 (KHTML, like Gecko) Chrome/126.0.0.0 Safari/537.36"
::1 - - [04/Aug/2024:14:29:29 +0000] "GET /css/chatBox.min.css HTTP/1.1" 404 158 "http://localhost:8000/" "Mozilla/5.0 (Macintosh; Intel Mac OS X 10_15_7) AppleWebKit/537.36 (KHTML, like Gecko) Chrome/126.0.0.0 Safari/537.36"
::1 - - [04/Aug/2024:14:29:29 +0000] "GET /js/home_post_comment.js HTTP/1.1" 404 162 "http://localhost:8000/" "Mozilla/5.0 (Macintosh; Intel Mac OS X 10_15_7) AppleWebKit/537.36 (KHTML, like Gecko) Chrome/126.0.0.0 Safari/537.36"
::1 - - [04/Aug/2024:14:29:29 +0000] "GET /js/homepost.js HTTP/1.1" 404 153 "http://localhost:8000/" "Mozilla/5.0 (Macintosh; Intel Mac OS X 10_15_7) AppleWebKit/537.36 (KHTML, like Gecko) Chrome/126.0.0.0 Safari/537.36"
::1 - - [04/Aug/2024:14:29:29 +0000] "GET /js/tooglelikes.js HTTP/1.1" 404 156 "http://localhost:8000/" "Mozilla/5.0 (Macintosh; Intel Mac OS X 10_15_7) AppleWebKit/537.36 (KHTML, like Gecko) Chrome/126.0.0.0 Safari/537.36"
::1 - - [04/Aug/2024:14:29:29 +0000] "GET /js/chat_engine.js HTTP/1.1" 404 156 "http://localhost:8000/" "Mozilla/5.0 (Macintosh; Intel Mac OS X 10_15_7) AppleWebKit/537.36 (KHTML, like Gecko) Chrome/126.0.0.0 Safari/537.36"
::1 - - [04/Aug/2024:14:29:30 +0000] "GET / HTTP/1.1" 304 - "-" "Mozilla/5.0 (Macintosh; Intel Mac OS X 10_15_7) AppleWebKit/537.36 (KHTML, like Gecko) Chrome/126.0.0.0 Safari/537.36"
::1 - - [04/Aug/2024:14:29:30 +0000] "GET /js/home_post_comment.js HTTP/1.1" 404 162 "http://localhost:8000/" "Mozilla/5.0 (Macintosh; Intel Mac OS X 10_15_7) AppleWebKit/537.36 (KHTML, like Gecko) Chrome/126.0.0.0 Safari/537.36"
::1 - - [04/Aug/2024:14:29:30 +0000] "GET /css/home.min.css HTTP/1.1" 404 155 "http://localhost:8000/" "Mozilla/5.0 (Macintosh; Intel Mac OS X 10_15_7) AppleWebKit/537.36 (KHTML, like Gecko) Chrome/126.0.0.0 Safari/537.36"
::1 - - [04/Aug/2024:14:29:30 +0000] "GET /css/footer.css HTTP/1.1" 404 153 "http://localhost:8000/" "Mozilla/5.0 (Macintosh; Intel Mac OS X 10_15_7) AppleWebKit/537.36 (KHTML, like Gecko) Chrome/126.0.0.0 Safari/537.36"
::1 - - [04/Aug/2024:14:29:30 +0000] "GET /css/header.css HTTP/1.1" 404 153 "http://localhost:8000/" "Mozilla/5.0 (Macintosh; Intel Mac OS X 10_15_7) AppleWebKit/537.36 (KHTML, like Gecko) Chrome/126.0.0.0 Safari/537.36"
::1 - - [04/Aug/2024:14:29:30 +0000] "GET /css/layout.css HTTP/1.1" 404 153 "http://localhost:8000/" "Mozilla/5.0 (Macintosh; Intel Mac OS X 10_15_7) AppleWebKit/537.36 (KHTML, like Gecko) Chrome/126.0.0.0 Safari/537.36"
::1 - - [04/Aug/2024:14:29:30 +0000] "GET /css/chatBox.min.css HTTP/1.1" 404 158 "http://localhost:8000/" "Mozilla/5.0 (Macintosh; Intel Mac OS X 10_15_7) AppleWebKit/537.36 (KHTML, like Gecko) Chrome/126.0.0.0 Safari/537.36"
::1 - - [04/Aug/2024:14:29:30 +0000] "GET /js/homepost.js HTTP/1.1" 404 153 "http://localhost:8000/" "Mozilla/5.0 (Macintosh; Intel Mac OS X 10_15_7) AppleWebKit/537.36 (KHTML, like Gecko) Chrome/126.0.0.0 Safari/537.36"
::1 - - [04/Aug/2024:14:29:30 +0000] "GET /css/layout.css HTTP/1.1" 404 153 "http://localhost:8000/" "Mozilla/5.0 (Macintosh; Intel Mac OS X 10_15_7) AppleWebKit/537.36 (KHTML, like Gecko) Chrome/126.0.0.0 Safari/537.36"
::1 - - [04/Aug/2024:14:29:30 +0000] "GET /js/tooglelikes.js HTTP/1.1" 404 156 "http://localhost:8000/" "Mozilla/5.0 (Macintosh; Intel Mac OS X 10_15_7) AppleWebKit/537.36 (KHTML, like Gecko) Chrome/126.0.0.0 Safari/537.36"
::1 - - [04/Aug/2024:14:29:30 +0000] "GET /js/chat_engine.js HTTP/1.1" 404 156 "http://localhost:8000/" "Mozilla/5.0 (Macintosh; Intel Mac OS X 10_15_7) AppleWebKit/537.36 (KHTML, like Gecko) Chrome/126.0.0.0 Safari/537.36"
::1 - - [04/Aug/2024:14:29:30 +0000] "GET /css/chatBox.min.css HTTP/1.1" 404 158 "http://localhost:8000/" "Mozilla/5.0 (Macintosh; Intel Mac OS X 10_15_7) AppleWebKit/537.36 (KHTML, like Gecko) Chrome/126.0.0.0 Safari/537.36"
::1 - - [04/Aug/2024:14:29:31 +0000] "GET / HTTP/1.1" 304 - "-" "Mozilla/5.0 (Macintosh; Intel Mac OS X 10_15_7) AppleWebKit/537.36 (KHTML, like Gecko) Chrome/126.0.0.0 Safari/537.36"
::1 - - [04/Aug/2024:14:29:31 +0000] "GET /css/layout.css HTTP/1.1" 404 153 "http://localhost:8000/" "Mozilla/5.0 (Macintosh; Intel Mac OS X 10_15_7) AppleWebKit/537.36 (KHTML, like Gecko) Chrome/126.0.0.0 Safari/537.36"
::1 - - [04/Aug/2024:14:29:31 +0000] "GET /css/chatBox.min.css HTTP/1.1" 404 158 "http://localhost:8000/" "Mozilla/5.0 (Macintosh; Intel Mac OS X 10_15_7) AppleWebKit/537.36 (KHTML, like Gecko) Chrome/126.0.0.0 Safari/537.36"
::1 - - [04/Aug/2024:14:29:31 +0000] "GET /css/home.min.css HTTP/1.1" 404 155 "http://localhost:8000/" "Mozilla/5.0 (Macintosh; Intel Mac OS X 10_15_7) AppleWebKit/537.36 (KHTML, like Gecko) Chrome/126.0.0.0 Safari/537.36"
::1 - - [04/Aug/2024:14:29:31 +0000] "GET /css/footer.css HTTP/1.1" 404 153 "http://localhost:8000/" "Mozilla/5.0 (Macintosh; Intel Mac OS X 10_15_7) AppleWebKit/537.36 (KHTML, like Gecko) Chrome/126.0.0.0 Safari/537.36"
::1 - - [04/Aug/2024:14:29:31 +0000] "GET /css/header.css HTTP/1.1" 404 153 "http://localhost:8000/" "Mozilla/5.0 (Macintosh; Intel Mac OS X 10_15_7) AppleWebKit/537.36 (KHTML, like Gecko) Chrome/126.0.0.0 Safari/537.36"
::1 - - [04/Aug/2024:14:29:31 +0000] "GET /js/home_post_comment.js HTTP/1.1" 404 162 "http://localhost:8000/" "Mozilla/5.0 (Macintosh; Intel Mac OS X 10_15_7) AppleWebKit/537.36 (KHTML, like Gecko) Chrome/126.0.0.0 Safari/537.36"
::1 - - [04/Aug/2024:14:29:31 +0000] "GET /js/homepost.js HTTP/1.1" 404 153 "http://localhost:8000/" "Mozilla/5.0 (Macintosh; Intel Mac OS X 10_15_7) AppleWebKit/537.36 (KHTML, like Gecko) Chrome/126.0.0.0 Safari/537.36"
::1 - - [04/Aug/2024:14:29:31 +0000] "GET /js/tooglelikes.js HTTP/1.1" 404 156 "http://localhost:8000/" "Mozilla/5.0 (Macintosh; Intel Mac OS X 10_15_7) AppleWebKit/537.36 (KHTML, like Gecko) Chrome/126.0.0.0 Safari/537.36"
::1 - - [04/Aug/2024:14:29:31 +0000] "GET /js/chat_engine.js HTTP/1.1" 404 156 "http://localhost:8000/" "Mozilla/5.0 (Macintosh; Intel Mac OS X 10_15_7) AppleWebKit/537.36 (KHTML, like Gecko) Chrome/126.0.0.0 Safari/537.36"
::1 - - [04/Aug/2024:14:29:31 +0000] "GET /css/chatBox.min.css HTTP/1.1" 404 158 "http://localhost:8000/" "Mozilla/5.0 (Macintosh; Intel Mac OS X 10_15_7) AppleWebKit/537.36 (KHTML, like Gecko) Chrome/126.0.0.0 Safari/537.36"
[0mGET / [31m500[0m 69.907 ms - 1563[0m
[0mGET / [31m500[0m 26.357 ms - 1563[0m
[0mGET / [32m200[0m 19.457 ms - 2307[0m
[0mGET /css/home.min.css [33m404[0m 3.609 ms - 155[0m
[0mGET /css/chatBox.min.css [33m404[0m 8.169 ms - 158[0m
[0mGET /css/home.min.css [33m404[0m 1.552 ms - 155[0m
[0mGET /css/chatBox.min.css [33m404[0m 1.142 ms - 158[0m
[0mGET /favicon.ico [33m404[0m 1.263 ms - 150[0m
[0mGET / [36m304[0m 14.117 ms - -[0m
[0mGET /css/home.min.css [33m404[0m 4.694 ms - 155[0m
[0mGET /css/chatBox.min.css [33m404[0m 5.881 ms - 158[0m
[0mGET /css/home.min.css [33m404[0m 1.782 ms - 155[0m
[0mGET /css/chatBox.min.css [33m404[0m 1.245 ms - 158[0m
[0mGET /css/home.min.css [33m404[0m 3.359 ms - 155[0m
[0mGET /css/chatBox.min.css [33m404[0m 2.935 ms - 158[0m
[0mGET / [32m200[0m 35.668 ms - 2295[0m
[0mGET /favicon.ico [33m404[0m 3.252 ms - 150[0m
[0mGET / [36m304[0m 15.217 ms - -[0m
[0mGET /users/signin [32m200[0m 6.007 ms - 1505[0m
[0mGET /users/css/header.css [33m404[0m 5.807 ms - 159[0m
[0mGET /users/css/layout.css [33m404[0m 6.274 ms - 159[0m
[0mGET /users/css/footer.css [33m404[0m 6.902 ms - 159[0m
[0mPOST /users/createSession [36m302[0m 16.195 ms - 46[0m
[0mGET / [32m200[0m 15.266 ms - 5100[0m
[0mGET / [32m200[0m 42.381 ms - 4883[0m
[0mGET / [36m304[0m 40.035 ms - -[0m
[0mGET / [36m304[0m 41.736 ms - -[0m
[0mGET / [36m304[0m 15.447 ms - -[0m
[0mGET / [36m304[0m 35.904 ms - -[0m
[0mGET / [36m304[0m 16.491 ms - -[0m
[0mGET / [36m304[0m 16.443 ms - -[0m
[0mGET / [36m304[0m 9.920 ms - -[0m
[0mGET /users/sign-out [36m302[0m 15.270 ms - 46[0m
[0mGET / [32m200[0m 7.608 ms - 2508[0m
[0mGET /users/signin [36m304[0m 7.429 ms - -[0m
[0mGET /users/css/header.css [33m404[0m 3.710 ms - 159[0m
[0mGET /users/css/layout.css [33m404[0m 6.346 ms - 159[0m
[0mGET /users/css/footer.css [33m404[0m 6.589 ms - 159[0m
[0mGET /users/signin [36m304[0m 4.692 ms - -[0m
[0mGET /users/css/layout.css [33m404[0m 2.985 ms - 159[0m
[0mGET /users/css/header.css [33m404[0m 3.418 ms - 159[0m
[0mGET /users/css/footer.css [33m404[0m 2.832 ms - 159[0m
[0mGET /users/signin [36m304[0m 4.347 ms - -[0m
[0mGET /users/css/layout.css [33m404[0m 2.771 ms - 159[0m
[0mGET /users/css/header.css [33m404[0m 3.360 ms - 159[0m
[0mGET /users/css/footer.css [33m404[0m 2.761 ms - 159[0m
[0mGET /users/signin [36m304[0m 4.533 ms - -[0m
[0mGET /users/css/header.css [33m404[0m 4.545 ms - 159[0m
[0mGET /users/css/layout.css [33m404[0m 3.553 ms - 159[0m
[0mGET /users/css/footer.css [33m404[0m 3.583 ms - 159[0m
[0mGET / [32m200[0m 9.311 ms - 2295[0m
[0mGET / [31m500[0m 31.823 ms - 148[0m
[0mGET / [31m500[0m 12.972 ms - 148[0m
[0mGET / [32m200[0m 18.666 ms - 2322[0m
[0mGET / [36m304[0m 10.240 ms - -[0m
[0mGET / [36m304[0m 16.048 ms - -[0m
[0mGET / [36m304[0m 9.076 ms - -[0m
[0mGET / [36m304[0m 9.805 ms - -[0m
[0mGET / [32m200[0m 38.645 ms - 2295[0m
[0mGET / [36m304[0m 35.205 ms - -[0m
[0mGET / [36m304[0m 37.435 ms - -[0m
[0mGET / [36m304[0m 37.908 ms - -[0m
[0mGET / [36m304[0m 40.572 ms - -[0m
[0mGET /favicon.ico [33m404[0m 7.066 ms - 150[0m
[0mGET / [36m304[0m 12.808 ms - -[0m
[0mGET / [36m304[0m 36.767 ms - -[0m
[0mGET / [36m304[0m 13.587 ms - -[0m
