[0mGET / [36m304[0m 42.457 ms - -[0m
[0mGET /favicon.ico [33m404[0m 8.060 ms - 150[0m
[0mGET /users/signin [36m304[0m 5.530 ms - -[0m
[0mGET /users/css/header.css [33m404[0m 6.151 ms - 159[0m
[0mGET /users/css/layout.css [33m404[0m 11.996 ms - 159[0m
[0mGET /users/css/footer.css [33m404[0m 12.221 ms - 159[0m
[0mGET /users/signin [36m304[0m 5.791 ms - -[0m
[0mGET /users/css/header.css [33m404[0m 3.926 ms - 159[0m
[0mGET /users/css/layout.css [33m404[0m 4.759 ms - 159[0m
[0mGET /users/css/footer.css [33m404[0m 3.951 ms - 159[0m
[0mGET / [36m304[0m 13.051 ms - -[0m
[0mGET / [36m304[0m 11.045 ms - -[0m
[0mGET / [36m304[0m 10.419 ms - -[0m
[0mGET / [36m304[0m 13.868 ms - -[0m
[0mGET /users/signin [36m304[0m 3.287 ms - -[0m
[0mGET /users/css/header.css [33m404[0m 3.454 ms - 159[0m
[0mGET /users/css/layout.css [33m404[0m 2.950 ms - 159[0m
[0mGET /users/css/footer.css [33m404[0m 3.884 ms - 159[0m
[0mPOST /users/createSession [36m302[0m 11.674 ms - 46[0m
[0mGET / [32m200[0m 7.788 ms - 5100[0m
[0mGET /users/sign-out [36m302[0m 8.805 ms - 46[0m
[0mGET / [32m200[0m 9.325 ms - 2508[0m
[0mGET /users/signin [36m304[0m 2.976 ms - -[0m
[0mGET /users/css/layout.css [33m404[0m 2.758 ms - 159[0m
[0mGET /users/css/header.css [33m404[0m 2.832 ms - 159[0m
[0mGET /users/css/footer.css [33m404[0m 2.648 ms - 159[0m
[0mGET /users/signin [36m304[0m 3.878 ms - -[0m
[0mGET /users/css/header.css [33m404[0m 2.143 ms - 159[0m
[0mGET /users/css/layout.css [33m404[0m 1.995 ms - 159[0m
[0mGET /users/css/footer.css [33m404[0m 3.251 ms - 159[0m
[0mGET /users/signin [36m304[0m 3.900 ms - -[0m
[0mGET /users/css/layout.css [33m404[0m 2.807 ms - 159[0m
[0mGET /users/css/header.css [33m404[0m 3.133 ms - 159[0m
[0mGET /users/css/footer.css [33m404[0m 2.652 ms - 159[0m
[0mGET /users/signup [32m200[0m 4.996 ms - 1721[0m
[0mGET /users/css/header.css [33m404[0m 3.791 ms - 159[0m
[0mGET /users/css/layout.css [33m404[0m 3.253 ms - 159[0m
[0mGET /users/css/footer.css [33m404[0m 2.425 ms - 159[0m
[0mGET /users/signin [36m304[0m 3.051 ms - -[0m
[0mGET /users/css/layout.css [33m404[0m 2.938 ms - 159[0m
[0mGET /users/css/header.css [33m404[0m 3.506 ms - 159[0m
[0mGET /users/css/footer.css [33m404[0m 2.524 ms - 159[0m
[0mGET /users/signup [36m304[0m 3.823 ms - -[0m
[0mGET /users/css/layout.css [33m404[0m 2.448 ms - 159[0m
[0mGET /users/css/header.css [33m404[0m 3.069 ms - 159[0m
[0mGET /users/css/footer.css [33m404[0m 2.392 ms - 159[0m
[0mGET /users/signup [36m304[0m 21.766 ms - -[0m
[0mGET /users/css/header.css [33m404[0m 4.595 ms - 159[0m
[0mGET /users/css/footer.css [33m404[0m 6.731 ms - 159[0m
[0mGET /users/css/layout.css [33m404[0m 8.636 ms - 159[0m
[0mGET /users/css/header.css [33m404[0m 4.739 ms - 159[0m
[0mGET /users/css/layout.css [33m404[0m 4.187 ms - 159[0m
[0mGET /users/css/footer.css [33m404[0m 5.564 ms - 159[0m
[0mGET /users/css/layout.css [33m404[0m 1.389 ms - 159[0m
[0mGET /users/css/layout.css [33m404[0m 4.159 ms - 159[0m
[0mGET /users/css/footer.css [33m404[0m 4.497 ms - 159[0m
[0mGET /users/css/layout.css [33m404[0m 2.826 ms - 159[0m
[0mGET /users/css/footer.css [33m404[0m 2.231 ms - 159[0m
[0mGET / [32m200[0m 27.046 ms - 2295[0m
[0mGET / [36m304[0m 17.928 ms - -[0m
[0mGET / [36m304[0m 12.889 ms - -[0m
[0mGET /users/signin [36m304[0m 7.083 ms - -[0m
[0mGET /users/css/header.css [33m404[0m 2.911 ms - 159[0m
[0mGET /users/css/layout.css [33m404[0m 2.351 ms - 159[0m
[0mGET /users/css/footer.css [33m404[0m 3.088 ms - 159[0m
[0mGET / [36m304[0m 32.501 ms - -[0m
[0mGET /users/signin [36m304[0m 8.327 ms - -[0m
[0mGET /users/css/header.css [33m404[0m 5.467 ms - 159[0m
[0mGET /users/css/layout.css [33m404[0m 8.886 ms - 159[0m
[0mGET /users/css/footer.css [33m404[0m 9.671 ms - 159[0m
[0mGET /users/css/header.css [33m404[0m 2.520 ms - 159[0m
[0mGET / [32m200[0m 14.187 ms - 2295[0m
[0mGET /users/signin [32m200[0m 7.710 ms - 1505[0m
[0mGET /users/css/layout.css [33m404[0m 6.443 ms - 159[0m
[0mGET /users/css/header.css [33m404[0m 6.209 ms - 159[0m
[0mGET /users/css/footer.css [33m404[0m 5.793 ms - 159[0m
[0mGET /users/signin [36m304[0m 21.691 ms - -[0m
[0mGET /users/css/header.css [33m404[0m 4.832 ms - 159[0m
[0mGET /users/css/layout.css [33m404[0m 5.040 ms - 159[0m
[0mGET /users/css/footer.css [33m404[0m 5.526 ms - 159[0m
[0mGET / [36m304[0m 27.850 ms - -[0m
[0mGET / [36m304[0m 9.887 ms - -[0m
[0mGET / [36m304[0m 12.793 ms - -[0m
[0mGET / [36m304[0m 12.330 ms - -[0m
[0mGET /users/signin [36m304[0m 6.876 ms - -[0m
[0mGET /users/css/header.css [33m404[0m 3.312 ms - 159[0m
[0mGET /users/css/layout.css [33m404[0m 3.239 ms - 159[0m
[0mGET /users/css/footer.css [33m404[0m 4.881 ms - 159[0m
[0mGET /users/signin [36m304[0m 5.939 ms - -[0m
[0mGET /users/css/layout.css [33m404[0m 2.927 ms - 159[0m
[0mGET /users/css/header.css [33m404[0m 2.311 ms - 159[0m
[0mGET /users/css/footer.css [33m404[0m 2.755 ms - 159[0m
[0mGET /users/css/header.css [33m404[0m 3.147 ms - 159[0m
[0mGET /users/css/layout.css [33m404[0m 2.896 ms - 159[0m
[0mGET /users/css/footer.css [33m404[0m 2.567 ms - 159[0m
[0mPOST /users/createSession [36m302[0m 12.433 ms - 46[0m
[0mGET / [32m200[0m 8.505 ms - 5100[0m
[0mGET / [32m200[0m 22.780 ms - 2295[0m
[0mGET /users/signin [32m200[0m 8.689 ms - 1505[0m
[0mGET /users/css/header.css [33m404[0m 6.365 ms - 159[0m
[0mGET /users/css/layout.css [33m404[0m 9.150 ms - 159[0m
[0mGET /users/css/footer.css [33m404[0m 10.660 ms - 159[0m
[0mGET /users/signup [32m200[0m 3.179 ms - 1721[0m
[0mGET /users/css/header.css [33m404[0m 3.043 ms - 159[0m
[0mGET /users/css/layout.css [33m404[0m 3.502 ms - 159[0m
[0mGET /users/css/footer.css [33m404[0m 3.384 ms - 159[0m
[0mGET /users/signin [36m304[0m 9.121 ms - -[0m
[0mGET /users/css/layout.css [33m404[0m 2.871 ms - 159[0m
[0mGET /users/css/header.css [33m404[0m 3.610 ms - 159[0m
[0mGET /users/css/footer.css [33m404[0m 2.735 ms - 159[0m
[0mGET /users/css/layout.css [33m404[0m 2.035 ms - 159[0m
[0mGET /users/css/header.css [33m404[0m 1.443 ms - 159[0m
[0mGET /users/css/footer.css [33m404[0m 1.913 ms - 159[0m
[0mGET /users/signin [36m304[0m 3.123 ms - -[0m
[0mGET /users/css/header.css [33m404[0m 2.268 ms - 159[0m
[0mGET /users/css/layout.css [33m404[0m 2.091 ms - 159[0m
[0mGET /users/css/footer.css [33m404[0m 2.502 ms - 159[0m
[0mGET /users/css/layout.css [33m404[0m 3.243 ms - 159[0m
[0mGET /users/css/header.css [33m404[0m 3.465 ms - 159[0m
[0mGET /users/css/footer.css [33m404[0m 3.165 ms - 159[0m
[0mPOST /users/createSession [36m302[0m 12.757 ms - 46[0m
[0mGET / [32m200[0m 10.183 ms - 5100[0m
[0mGET /users/profile/6533edbf730dfcbad758159a [32m200[0m 11.055 ms - 2039[0m
[0mGET /users/profile/css/header.css [33m404[0m 6.132 ms - 167[0m
[0mGET /users/profile/css/layout.css [33m404[0m 5.799 ms - 167[0m
[0mGET /users/profile/css/footer.css [33m404[0m 5.891 ms - 167[0m
[0mGET /users/profile/css/user_profile.css [33m404[0m 5.474 ms - 173[0m
[0mGET / [32m200[0m 42.628 ms - 4888[0m
[0mGET /users/sign-out [36m302[0m 30.164 ms - 46[0m
[0mGET / [32m200[0m 14.908 ms - 2513[0m
[0mGET /users/signin [32m200[0m 8.816 ms - 1510[0m
[0mGET /users/css/header.css [33m404[0m 5.257 ms - 159[0m
[0mGET /users/css/footer.css [33m404[0m 7.786 ms - 159[0m
[0mGET /users/css/layout.css [33m404[0m 9.490 ms - 159[0m
[0mGET /users/signin [36m304[0m 21.619 ms - -[0m
[0mGET /users/css/header.css [33m404[0m 3.831 ms - 159[0m
[0mGET /users/css/layout.css [33m404[0m 2.415 ms - 159[0m
[0mGET /users/css/footer.css [33m404[0m 3.819 ms - 159[0m
[0mGET / [32m200[0m 17.897 ms - 2434[0m
[0mGET /js/home_post_comments.js [33m404[0m 3.281 ms - 163[0m
[0mGET /js/home_posts.js [33m404[0m 3.188 ms - 155[0m
[0mGET /js/toggle_likes.js [33m404[0m 4.425 ms - 157[0m
[0mGET / [36m304[0m 15.631 ms - -[0m
[0mGET /js/home_posts.js [33m404[0m 4.269 ms - 155[0m
[0mGET /js/home_post_comments.js [33m404[0m 4.203 ms - 163[0m
[0mGET /js/toggle_likes.js [33m404[0m 4.413 ms - 157[0m
[0mGET /users/signin [36m304[0m 5.320 ms - -[0m
[0mGET /users/css/header.css [33m404[0m 4.229 ms - 159[0m
[0mGET /users/css/layout.css [33m404[0m 3.690 ms - 159[0m
[0mGET /users/css/footer.css [33m404[0m 3.903 ms - 159[0m
[0mGET /users/signin [36m304[0m 5.585 ms - -[0m
[0mGET /users/css/header.css [33m404[0m 2.115 ms - 159[0m
[0mGET /users/css/layout.css [33m404[0m 1.990 ms - 159[0m
[0mGET /users/css/footer.css [33m404[0m 2.400 ms - 159[0m
[0mPOST /users/createSession [36m302[0m 8.761 ms - 46[0m
[0mGET / [32m200[0m 9.440 ms - 5239[0m
[0mGET /js/home_post_comments.js [33m404[0m 6.028 ms - 163[0m
[0mGET /js/home_posts.js [33m404[0m 6.054 ms - 155[0m
[0mGET /js/toggle_likes.js [33m404[0m 6.247 ms - 157[0m
[0mGET /users/profile/6533edbf730dfcbad758159a [32m200[0m 8.682 ms - 2044[0m
[0mGET /users/profile/css/footer.css [33m404[0m 8.765 ms - 167[0m
[0mGET /users/profile/css/layout.css [33m404[0m 8.930 ms - 167[0m
[0mGET /users/profile/css/header.css [33m404[0m 9.984 ms - 167[0m
[0mGET /users/profile/css/user_profile.css [33m404[0m 10.587 ms - 173[0m
[0mGET /users/profile/6533edbf730dfcbad758159a [36m304[0m 33.658 ms - -[0m
[0mGET /users/profile/css/header.css [33m404[0m 8.634 ms - 167[0m
[0mGET /users/profile/css/user_profile.css [33m404[0m 9.095 ms - 173[0m
[0mGET /users/profile/css/layout.css [33m404[0m 15.261 ms - 167[0m
[0mGET /users/profile/css/footer.css [33m404[0m 16.445 ms - 167[0m
[0mGET /users/profile/6533edbf730dfcbad758159a [36m304[0m 15.518 ms - -[0m
[0mGET /users/profile/css/header.css [33m404[0m 11.298 ms - 167[0m
[0mGET /users/profile/css/layout.css [33m404[0m 11.047 ms - 167[0m
[0mGET /users/profile/css/footer.css [33m404[0m 11.486 ms - 167[0m
[0mGET /users/profile/css/user_profile.css [33m404[0m 13.101 ms - 173[0m
[0mGET /js/home_post_comments.js [33m404[0m 5.056 ms - 163[0m
[0mGET /js/home_posts.js [33m404[0m 5.204 ms - 155[0m
[0mGET / [32m200[0m 18.396 ms - 5022[0m
[0mGET /js/home_post_comments.js [33m404[0m 6.017 ms - 163[0m
[0mGET /js/toggle_likes.js [33m404[0m 4.595 ms - 157[0m
[0mGET /js/home_posts.js [33m404[0m 6.893 ms - 155[0m
[0mGET /users/profile/6533edbf730dfcbad758159a [36m304[0m 9.512 ms - -[0m
[0mGET /users/profile/css/header.css [33m404[0m 9.405 ms - 167[0m
[0mGET /users/profile/css/footer.css [33m404[0m 9.123 ms - 167[0m
[0mGET /users/profile/css/layout.css [33m404[0m 8.266 ms - 167[0m
[0mGET /users/profile/css/user_profile.css [33m404[0m 10.019 ms - 173[0m
[0mGET / [32m200[0m 52.980 ms - 5022[0m
[0mGET /js/home_post_comments.js [33m404[0m 9.431 ms - 163[0m
[0mGET /js/home_posts.js [33m404[0m 10.541 ms - 155[0m
[0mGET /js/toggle_likes.js [33m404[0m 11.411 ms - 157[0m
[0mGET /users/sign-out [36m302[0m 16.426 ms - 46[0m
[0mGET / [32m200[0m 13.979 ms - 2647[0m
[0mGET /js/home_posts.js [33m404[0m 2.546 ms - 155[0m
[0mGET /js/home_post_comments.js [33m404[0m 3.401 ms - 163[0m
[0mGET /js/toggle_likes.js [33m404[0m 2.642 ms - 157[0m
[0mGET /users/signin [32m200[0m 4.862 ms - 1510[0m
[0mGET /users/css/layout.css [33m404[0m 3.021 ms - 159[0m
[0mGET /users/css/header.css [33m404[0m 2.803 ms - 159[0m
[0mGET /users/css/footer.css [33m404[0m 3.191 ms - 159[0m
[0mGET /users/signin [36m304[0m 24.323 ms - -[0m
[0mGET /users/css/header.css [33m404[0m 3.197 ms - 159[0m
[0mGET /users/css/layout.css [33m404[0m 2.515 ms - 159[0m
[0mGET /users/css/footer.css [33m404[0m 4.891 ms - 159[0m
[0mGET /users/signin [36m304[0m 8.865 ms - -[0m
[0mGET /users/css/header.css [33m404[0m 3.687 ms - 159[0m
[0mGET /users/css/layout.css [33m404[0m 3.295 ms - 159[0m
[0mGET /users/css/footer.css [33m404[0m 7.509 ms - 159[0m
[0mGET /users/css/header.css [33m404[0m 3.699 ms - 159[0m
[0mGET /users/css/layout.css [33m404[0m 3.331 ms - 159[0m
[0mGET /js/home_posts.js [33m404[0m 4.032 ms - 155[0m
[0mGET /js/home_post_comments.js [33m404[0m 3.898 ms - 163[0m
[0mGET /js/toggle_likes.js [33m404[0m 4.222 ms - 157[0m
[0mGET / [32m200[0m 33.501 ms - 2434[0m
[0mGET /js/home_post_comments.js [33m404[0m 2.608 ms - 163[0m
[0mGET /js/home_posts.js [33m404[0m 2.860 ms - 155[0m
[0mGET /js/toggle_likes.js [33m404[0m 2.447 ms - 157[0m
[0mGET / [36m304[0m 9.109 ms - -[0m
[0mGET /js/home_post_comments.js [33m404[0m 2.332 ms - 163[0m
[0mGET /js/home_posts.js [33m404[0m 1.968 ms - 155[0m
[0mGET /js/toggle_likes.js [33m404[0m 1.031 ms - 157[0m
[0mGET / [36m304[0m 11.610 ms - -[0m
[0mGET /js/home_post_comments.js [33m404[0m 2.491 ms - 163[0m
[0mGET /js/home_posts.js [33m404[0m 2.424 ms - 155[0m
[0mGET /js/toggle_likes.js [33m404[0m 4.229 ms - 157[0m
[0mGET /users/signin [36m304[0m 4.572 ms - -[0m
[0mGET /users/css/header.css [33m404[0m 2.377 ms - 159[0m
[0mGET /users/css/layout.css [33m404[0m 1.448 ms - 159[0m
[0mGET /users/css/footer.css [33m404[0m 1.837 ms - 159[0m
[0mGET /users/signin [32m200[0m 5.079 ms - 1511[0m
[0mGET /users/css/layout.css [33m404[0m 3.158 ms - 159[0m
[0mGET /users/css/footer.css [33m404[0m 2.917 ms - 159[0m
[0mGET /users/signin [36m304[0m 5.403 ms - -[0m
[0mGET /users/css/layout.css [33m404[0m 3.331 ms - 159[0m
[0mGET /users/css/footer.css [33m404[0m 2.694 ms - 159[0m
[0mGET /users/signin [36m304[0m 4.818 ms - -[0m
[0mGET /users/css/layout.css [33m404[0m 3.297 ms - 159[0m
[0mGET /users/css/footer.css [33m404[0m 2.343 ms - 159[0m
[0mGET /users/signin [36m304[0m 5.800 ms - -[0m
[0mGET /users/css/layout.css [33m404[0m 2.008 ms - 159[0m
[0mGET /users/css/footer.css [33m404[0m 1.729 ms - 159[0m
[0mPOST /users/createSession [36m302[0m 12.773 ms - 46[0m
[0mGET / [32m200[0m 11.876 ms - 5240[0m
[0mGET /js/home_post_comments.js [33m404[0m 4.775 ms - 163[0m
[0mGET /js/home_posts.js [33m404[0m 9.284 ms - 155[0m
[0mGET /js/toggle_likes.js [33m404[0m 9.597 ms - 157[0m
[0mGET /users/profile/6533edbf730dfcbad758159a [32m200[0m 11.351 ms - 2045[0m
[0mGET /users/profile/css/layout.css [33m404[0m 8.386 ms - 167[0m
[0mGET /users/profile/css/footer.css [33m404[0m 10.775 ms - 167[0m
[0mGET /users/profile/css/user_profile.css [33m404[0m 10.576 ms - 173[0m
[0mGET /users/profile/6533edbf730dfcbad758159a [36m304[0m 36.145 ms - -[0m
[0mGET /users/profile/css/layout.css [33m404[0m 7.449 ms - 167[0m
[0mGET /users/profile/css/footer.css [33m404[0m 14.237 ms - 167[0m
[0mGET /users/profile/css/user_profile.css [33m404[0m 14.736 ms - 173[0m
[0mGET /users/profile/6533edbf730dfcbad758159a [36m304[0m 34.006 ms - -[0m
[0mGET /users/profile/css/layout.css [33m404[0m 7.416 ms - 167[0m
[0mGET /users/profile/css/footer.css [33m404[0m 11.540 ms - 167[0m
[0mGET /users/profile/css/user_profile.css [33m404[0m 11.405 ms - 173[0m
[0mGET /users/profile/6533edbf730dfcbad758159a [32m200[0m 31.262 ms - 2048[0m
[0mGET /users/profile/6533edbf730dfcbad758159a [36m304[0m 35.671 ms - -[0m
[0mGET /users/profile/6533edbf730dfcbad758159a [36m304[0m 14.617 ms - -[0m
[0mGET /users/profile/6533edbf730dfcbad758159a [36m304[0m 13.081 ms - -[0m
[0mGET /users/profile/6533edbf730dfcbad758159a [36m304[0m 33.913 ms - -[0m
[0mGET /users/profile/6533edbf730dfcbad758159a [36m304[0m 14.901 ms - -[0m
[0mGET /users/profile/6533edbf730dfcbad758159a [36m304[0m 12.802 ms - -[0m
[0mGET /users/profile/6533edbf730dfcbad758159a [36m304[0m 13.322 ms - -[0m
